2018-04-08 09:58:54,718 [Worker-6] INFO  c.g.t.t.d.PublishedGradleVersions - Gradle version information cache is not available. Remote download required.
2018-04-08 10:01:31,061 [Worker-1] WARN  o.e.r.models.ModelRepository - Failed to download org.eclipse.recommenders:index::zip:0.0.0
org.eclipse.aether.resolution.ArtifactResolutionException: Could not transfer artifact org.eclipse.recommenders:index:zip:0.0.0-SNAPSHOT from/to models (http://download.eclipse.org/recommenders/models/oxygen/): Checksum validation failed, expected <script>top.self.location.href='http://192.168.50.3:8080/eportal/index.jsp?wlanuserip=9030a29aa5f6addbeb144776f5948cc3&wlanacname=dfa22de185f6a920bebafa95a8548665&ssid=&nasip=32fa8a3fadb3d1634e008be6991aff23&snmpagentip=&mac=caa11909c96bc7b0bbfa2e3cb887f954&t=wireless-v2&url=02a556e49324ea0e6383ed32e4e0fa74aa3bd055d582d242be16cefeda2ac093d6bdc1e69ebd664abc55faa84e0edc24386644d787276eb274d03d6f0633f7c87b59ebda6d3ffb0fe0d187c128b111361ec80b9894d86d73dd1197b58f970782fa06aa34071d9cd8c38807e707f3b27589de42d4124e10bc0941de4cda02cd124b0bd1ed91e51cbe&apmac=&nasid=dfa22de185f6a920bebafa95a8548665&vid=9e2876f00b94967d&port=563d5279ac667dc4&nasportid=5b9da5b08a53a540415dbe3ede93ee4dec11c7a903bf033a0fb102f78d4694af'</script> but is beac0a10877b949caa4ae737660d51626e2a6218
	at org.eclipse.aether.internal.impl.DefaultArtifactResolver.resolve(DefaultArtifactResolver.java:453) ~[na:na]
	at org.eclipse.aether.internal.impl.DefaultArtifactResolver.resolveArtifacts(DefaultArtifactResolver.java:255) ~[na:na]
	at org.eclipse.aether.internal.impl.DefaultArtifactResolver.resolveArtifact(DefaultArtifactResolver.java:232) ~[na:na]
	at org.eclipse.aether.internal.impl.DefaultRepositorySystem.resolveArtifact(DefaultRepositorySystem.java:303) ~[na:na]
	at org.eclipse.recommenders.models.ModelRepository.resolveInternal(ModelRepository.java:193) [org.eclipse.recommenders.models_2.5.1.v20180228-0833.jar:na]
	at org.eclipse.recommenders.models.ModelRepository.resolve(ModelRepository.java:172) [org.eclipse.recommenders.models_2.5.1.v20180228-0833.jar:na]
	at org.eclipse.recommenders.internal.models.rcp.EclipseModelRepository.resolve(EclipseModelRepository.java:168) [org.eclipse.recommenders.models.rcp_2.5.1.v20180228-0833.jar:na]
	at org.eclipse.recommenders.internal.models.rcp.DownloadModelArchiveJob.run(DownloadModelArchiveJob.java:76) [org.eclipse.recommenders.models.rcp_2.5.1.v20180228-0833.jar:na]
	at org.eclipse.core.internal.jobs.Worker.run(Worker.java:56) [org.eclipse.core.jobs_3.9.3.v20180115-1757.jar:na]
Caused by: org.eclipse.aether.transfer.ArtifactTransferException: Could not transfer artifact org.eclipse.recommenders:index:zip:0.0.0-SNAPSHOT from/to models (http://download.eclipse.org/recommenders/models/oxygen/): Checksum validation failed, expected <script>top.self.location.href='http://192.168.50.3:8080/eportal/index.jsp?wlanuserip=9030a29aa5f6addbeb144776f5948cc3&wlanacname=dfa22de185f6a920bebafa95a8548665&ssid=&nasip=32fa8a3fadb3d1634e008be6991aff23&snmpagentip=&mac=caa11909c96bc7b0bbfa2e3cb887f954&t=wireless-v2&url=02a556e49324ea0e6383ed32e4e0fa74aa3bd055d582d242be16cefeda2ac093d6bdc1e69ebd664abc55faa84e0edc24386644d787276eb274d03d6f0633f7c87b59ebda6d3ffb0fe0d187c128b111361ec80b9894d86d73dd1197b58f970782fa06aa34071d9cd8c38807e707f3b27589de42d4124e10bc0941de4cda02cd124b0bd1ed91e51cbe&apmac=&nasid=dfa22de185f6a920bebafa95a8548665&vid=9e2876f00b94967d&port=563d5279ac667dc4&nasportid=5b9da5b08a53a540415dbe3ede93ee4dec11c7a903bf033a0fb102f78d4694af'</script> but is beac0a10877b949caa4ae737660d51626e2a6218
	at org.eclipse.aether.connector.basic.ArtifactTransportListener.transferFailed(ArtifactTransportListener.java:52) ~[org.apache.maven.resolver.connector.basic_1.0.3.v20170405-0725.jar:1.0.3]
	at org.eclipse.aether.connector.basic.BasicRepositoryConnector$TaskRunner.run(BasicRepositoryConnector.java:364) ~[org.apache.maven.resolver.connector.basic_1.0.3.v20170405-0725.jar:1.0.3]
	at org.eclipse.aether.util.concurrency.RunnableErrorForwarder$1.run(RunnableErrorForwarder.java:76) ~[na:na]
	at org.eclipse.aether.connector.basic.BasicRepositoryConnector$DirectExecutor.execute(BasicRepositoryConnector.java:590) ~[org.apache.maven.resolver.connector.basic_1.0.3.v20170405-0725.jar:1.0.3]
	at org.eclipse.aether.connector.basic.BasicRepositoryConnector.get(BasicRepositoryConnector.java:258) ~[org.apache.maven.resolver.connector.basic_1.0.3.v20170405-0725.jar:1.0.3]
	at org.eclipse.aether.internal.impl.DefaultArtifactResolver.performDownloads(DefaultArtifactResolver.java:529) ~[na:na]
	at org.eclipse.aether.internal.impl.DefaultArtifactResolver.resolve(DefaultArtifactResolver.java:430) ~[na:na]
	... 8 common frames omitted
Caused by: org.eclipse.aether.transfer.ChecksumFailureException: Checksum validation failed, expected <script>top.self.location.href='http://192.168.50.3:8080/eportal/index.jsp?wlanuserip=9030a29aa5f6addbeb144776f5948cc3&wlanacname=dfa22de185f6a920bebafa95a8548665&ssid=&nasip=32fa8a3fadb3d1634e008be6991aff23&snmpagentip=&mac=caa11909c96bc7b0bbfa2e3cb887f954&t=wireless-v2&url=02a556e49324ea0e6383ed32e4e0fa74aa3bd055d582d242be16cefeda2ac093d6bdc1e69ebd664abc55faa84e0edc24386644d787276eb274d03d6f0633f7c87b59ebda6d3ffb0fe0d187c128b111361ec80b9894d86d73dd1197b58f970782fa06aa34071d9cd8c38807e707f3b27589de42d4124e10bc0941de4cda02cd124b0bd1ed91e51cbe&apmac=&nasid=dfa22de185f6a920bebafa95a8548665&vid=9e2876f00b94967d&port=563d5279ac667dc4&nasportid=5b9da5b08a53a540415dbe3ede93ee4dec11c7a903bf033a0fb102f78d4694af'</script> but is beac0a10877b949caa4ae737660d51626e2a6218
	at org.eclipse.aether.connector.basic.ChecksumValidator.validateExternalChecksums(ChecksumValidator.java:174) ~[org.apache.maven.resolver.connector.basic_1.0.3.v20170405-0725.jar:1.0.3]
	at org.eclipse.aether.connector.basic.ChecksumValidator.validate(ChecksumValidator.java:103) ~[org.apache.maven.resolver.connector.basic_1.0.3.v20170405-0725.jar:1.0.3]
	at org.eclipse.aether.connector.basic.BasicRepositoryConnector$GetTaskRunner.runTask(BasicRepositoryConnector.java:459) ~[org.apache.maven.resolver.connector.basic_1.0.3.v20170405-0725.jar:1.0.3]
	at org.eclipse.aether.connector.basic.BasicRepositoryConnector$TaskRunner.run(BasicRepositoryConnector.java:359) ~[org.apache.maven.resolver.connector.basic_1.0.3.v20170405-0725.jar:1.0.3]
	... 13 common frames omitted
